{"level":"info","message":"Database connected","path":"D:\\whatsapp listing\\data\\db\\listings.db","service":"property-digest","timestamp":"2026-05-24 17:14:11"}
{"level":"info","message":"Database initialized successfully","service":"property-digest","timestamp":"2026-05-24 17:14:11"}
{"level":"info","message":"Server running on http://localhost:3000","service":"property-digest","timestamp":"2026-05-24 17:14:11"}
{"level":"info","message":"API v1 active at http://localhost:3000/api/v1","service":"property-digest","timestamp":"2026-05-24 17:14:11"}
{"level":"info","message":"Legacy API active at http://localhost:3000/api","service":"property-digest","timestamp":"2026-05-24 17:14:11"}
{"level":"info","message":"Healthcheck active at http://localhost:3000/health","service":"property-digest","timestamp":"2026-05-24 17:14:11"}
{"level":"info","message":{"ip":"::1","method":"GET","path":"/health","type":"HTTP_REQUEST"},"service":"property-digest","timestamp":"2026-05-24 17:14:28"}
{"level":"info","message":{"duration":"6ms","method":"GET","path":"/","status":200,"type":"HTTP_RESPONSE"},"service":"property-digest","timestamp":"2026-05-24 17:14:28"}
{"level":"info","message":{"ip":"::1","method":"GET","path":"/api/listings/today","type":"HTTP_REQUEST"},"service":"property-digest","timestamp":"2026-05-24 17:14:29"}
{"level":"info","message":{"duration":"4ms","method":"GET","path":"/today","status":200,"type":"HTTP_RESPONSE"},"service":"property-digest","timestamp":"2026-05-24 17:14:29"}
{"level":"info","message":{"ip":"::1","method":"GET","path":"/api/v1/listings/today","type":"HTTP_REQUEST"},"service":"property-digest","timestamp":"2026-05-24 17:14:29"}
{"level":"info","message":{"duration":"3ms","method":"GET","path":"/today","status":200,"type":"HTTP_RESPONSE"},"service":"property-digest","timestamp":"2026-05-24 17:14:29"}
{"level":"info","message":{"ip":"::1","method":"GET","path":"/api/v1/search","query":{"q":"a"},"type":"HTTP_REQUEST"},"service":"property-digest","timestamp":"2026-05-24 17:14:29"}
{"code":"SEARCH_QUERY_TOO_SHORT","level":"error","message":"Search query must be at least 2 characters","method":"GET","path":"/api/v1/search","service":"property-digest","stack":"ValidationError: Search query must be at least 2 characters\n    at Object.validateSearchQuery (D:\\whatsapp listing\\src\\api\\utils\\validators.js:51:13)\n    at validateSearchQuery (D:\\whatsapp listing\\src\\api\\middleware\\validateRequest.js:36:30)\n    at Layer.handleRequest (D:\\whatsapp listing\\node_modules\\router\\lib\\layer.js:152:17)\n    at next (D:\\whatsapp listing\\node_modules\\router\\lib\\route.js:157:13)\n    at Route.dispatch (D:\\whatsapp listing\\node_modules\\router\\lib\\route.js:117:3)\n    at handle (D:\\whatsapp listing\\node_modules\\router\\index.js:435:11)\n    at Layer.handleRequest (D:\\whatsapp listing\\node_modules\\router\\lib\\layer.js:152:17)\n    at D:\\whatsapp listing\\node_modules\\router\\index.js:295:15\n    at processParams (D:\\whatsapp listing\\node_modules\\router\\index.js:582:12)\n    at next (D:\\whatsapp listing\\node_modules\\router\\index.js:291:5)","timestamp":"2026-05-24 17:14:29","type":"ERROR"}
{"level":"warn","message":{"duration":"2ms","method":"GET","path":"/api/v1/search","status":400,"type":"HTTP_RESPONSE"},"service":"property-digest","timestamp":"2026-05-24 17:14:29"}
{"code":"UNKNOWN","level":"error","message":"Database not connected","method":"getTodaysListings","service":"property-digest","stack":"Error: Database not connected\n    at D:\\whatsapp listing\\src\\db\\connection.js:61:35\n    at new Promise (<anonymous>)\n    at DatabaseConnection.get (D:\\whatsapp listing\\src\\db\\connection.js:60:12)\n    at ListingService.get [as getTodaysListings] (D:\\whatsapp listing\\src\\api\\services\\listingService.js:58:12)\n    at getTodaysListings (D:\\whatsapp listing\\src\\api\\controllers\\listingController.js:7:43)\n    at fn (D:\\whatsapp listing\\src\\api\\middleware\\errorHandler.js:9:19)\n    at Layer.handleRequest (D:\\whatsapp listing\\node_modules\\router\\lib\\layer.js:152:17)\n    at next (D:\\whatsapp listing\\node_modules\\router\\lib\\route.js:157:13)\n    at next (D:\\whatsapp listing\\src\\api\\middleware\\validateRequest.js:26:5)\n    at Layer.handleRequest (D:\\whatsapp listing\\node_modules\\router\\lib\\layer.js:152:17)\n    at next (D:\\whatsapp listing\\node_modules\\router\\lib\\route.js:157:13)\n    at Route.dispatch (D:\\whatsapp listing\\node_modules\\router\\lib\\route.js:117:3)\n    at handle (D:\\whatsapp listing\\node_modules\\router\\index.js:435:11)\n    at Layer.handleRequest (D:\\whatsapp listing\\node_modules\\router\\lib\\layer.js:152:17)\n    at D:\\whatsapp listing\\node_modules\\router\\index.js:295:15\n    at processParams (D:\\whatsapp listing\\node_modules\\router\\index.js:582:12)\n    at next (D:\\whatsapp listing\\node_modules\\router\\index.js:291:5)\n    at router.handle (D:\\whatsapp listing\\node_modules\\router\\index.js:186:3)\n    at router (D:\\whatsapp listing\\node_modules\\router\\index.js:60:12)\n    at Layer.handleRequest (D:\\whatsapp listing\\node_modules\\router\\lib\\layer.js:152:17)\n    at trimPrefix (D:\\whatsapp listing\\node_modules\\router\\index.js:342:13)\n    at D:\\whatsapp listing\\node_modules\\router\\index.js:297:9\n    at processParams (D:\\whatsapp listing\\node_modules\\router\\index.js:582:12)\n    at next (D:\\whatsapp listing\\node_modules\\router\\index.js:291:5)\n    at D:\\whatsapp listing\\node_modules\\express-rate-limit\\dist\\index.cjs:999:7\n    at processTicksAndRejections (node:internal/process/task_queues:104:5)\n    at D:\\whatsapp listing\\node_modules\\express-rate-limit\\dist\\index.cjs:854:5","timestamp":"2026-05-24 19:37:04","type":"ERROR"}
{"code":"UNKNOWN","level":"error","message":"Database not connected","method":"GET","path":"/api/v1/listings/today","service":"property-digest","stack":"Error: Database not connected\n    at D:\\whatsapp listing\\src\\db\\connection.js:61:35\n    at new Promise (<anonymous>)\n    at DatabaseConnection.get (D:\\whatsapp listing\\src\\db\\connection.js:60:12)\n    at ListingService.get [as getTodaysListings] (D:\\whatsapp listing\\src\\api\\services\\listingService.js:58:12)\n    at getTodaysListings (D:\\whatsapp listing\\src\\api\\controllers\\listingController.js:7:43)\n    at fn (D:\\whatsapp listing\\src\\api\\middleware\\errorHandler.js:9:19)\n    at Layer.handleRequest (D:\\whatsapp listing\\node_modules\\router\\lib\\layer.js:152:17)\n    at next (D:\\whatsapp listing\\node_modules\\router\\lib\\route.js:157:13)\n    at next (D:\\whatsapp listing\\src\\api\\middleware\\validateRequest.js:26:5)\n    at Layer.handleRequest (D:\\whatsapp listing\\node_modules\\router\\lib\\layer.js:152:17)\n    at next (D:\\whatsapp listing\\node_modules\\router\\lib\\route.js:157:13)\n    at Route.dispatch (D:\\whatsapp listing\\node_modules\\router\\lib\\route.js:117:3)\n    at handle (D:\\whatsapp listing\\node_modules\\router\\index.js:435:11)\n    at Layer.handleRequest (D:\\whatsapp listing\\node_modules\\router\\lib\\layer.js:152:17)\n    at D:\\whatsapp listing\\node_modules\\router\\index.js:295:15\n    at processParams (D:\\whatsapp listing\\node_modules\\router\\index.js:582:12)\n    at next (D:\\whatsapp listing\\node_modules\\router\\index.js:291:5)\n    at router.handle (D:\\whatsapp listing\\node_modules\\router\\index.js:186:3)\n    at router (D:\\whatsapp listing\\node_modules\\router\\index.js:60:12)\n    at Layer.handleRequest (D:\\whatsapp listing\\node_modules\\router\\lib\\layer.js:152:17)\n    at trimPrefix (D:\\whatsapp listing\\node_modules\\router\\index.js:342:13)\n    at D:\\whatsapp listing\\node_modules\\router\\index.js:297:9\n    at processParams (D:\\whatsapp listing\\node_modules\\router\\index.js:582:12)\n    at next (D:\\whatsapp listing\\node_modules\\router\\index.js:291:5)\n    at D:\\whatsapp listing\\node_modules\\express-rate-limit\\dist\\index.cjs:999:7\n    at processTicksAndRejections (node:internal/process/task_queues:104:5)\n    at D:\\whatsapp listing\\node_modules\\express-rate-limit\\dist\\index.cjs:854:5","timestamp":"2026-05-24 19:37:04","type":"ERROR"}
{"level":"error","message":{"duration":"26ms","method":"GET","path":"/api/v1/listings/today","status":500,"type":"HTTP_RESPONSE"},"service":"property-digest","timestamp":"2026-05-24 19:37:04"}
{"code":"INVALID_PRICE_RANGE","level":"error","message":"Min price cannot exceed max price","method":"GET","path":"/api/v1/listings/today","service":"property-digest","stack":"ValidationError: Min price cannot exceed max price\n    at Object.validatePriceRange (D:\\whatsapp listing\\src\\api\\utils\\validators.js:14:13)\n    at validatePriceRange (D:\\whatsapp listing\\src\\api\\middleware\\validateRequest.js:10:16)\n    at Layer.handleRequest (D:\\whatsapp listing\\node_modules\\router\\lib\\layer.js:152:17)\n    at next (D:\\whatsapp listing\\node_modules\\router\\lib\\route.js:157:13)\n    at Route.dispatch (D:\\whatsapp listing\\node_modules\\router\\lib\\route.js:117:3)\n    at handle (D:\\whatsapp listing\\node_modules\\router\\index.js:435:11)\n    at Layer.handleRequest (D:\\whatsapp listing\\node_modules\\router\\lib\\layer.js:152:17)\n    at D:\\whatsapp listing\\node_modules\\router\\index.js:295:15\n    at processParams (D:\\whatsapp listing\\node_modules\\router\\index.js:582:12)\n    at next (D:\\whatsapp listing\\node_modules\\router\\index.js:291:5)\n    at router.handle (D:\\whatsapp listing\\node_modules\\router\\index.js:186:3)\n    at router (D:\\whatsapp listing\\node_modules\\router\\index.js:60:12)\n    at Layer.handleRequest (D:\\whatsapp listing\\node_modules\\router\\lib\\layer.js:152:17)\n    at trimPrefix (D:\\whatsapp listing\\node_modules\\router\\index.js:342:13)\n    at D:\\whatsapp listing\\node_modules\\router\\index.js:297:9\n    at processParams (D:\\whatsapp listing\\node_modules\\router\\index.js:582:12)\n    at next (D:\\whatsapp listing\\node_modules\\router\\index.js:291:5)\n    at D:\\whatsapp listing\\node_modules\\express-rate-limit\\dist\\index.cjs:999:7\n    at processTicksAndRejections (node:internal/process/task_queues:104:5)\n    at D:\\whatsapp listing\\node_modules\\express-rate-limit\\dist\\index.cjs:854:5","timestamp":"2026-05-24 19:37:04","type":"ERROR"}
{"code":"INVALID_PRICE_RANGE","level":"error","message":"Min price cannot exceed max price","method":"GET","path":"/api/v1/listings/today","service":"property-digest","stack":"ValidationError: Min price cannot exceed max price\n    at Object.validatePriceRange (D:\\whatsapp listing\\src\\api\\utils\\validators.js:14:13)\n    at validatePriceRange (D:\\whatsapp listing\\src\\api\\middleware\\validateRequest.js:10:16)\n    at Layer.handleRequest (D:\\whatsapp listing\\node_modules\\router\\lib\\layer.js:152:17)\n    at next (D:\\whatsapp listing\\node_modules\\router\\lib\\route.js:157:13)\n    at Route.dispatch (D:\\whatsapp listing\\node_modules\\router\\lib\\route.js:117:3)\n    at handle (D:\\whatsapp listing\\node_modules\\router\\index.js:435:11)\n    at Layer.handleRequest (D:\\whatsapp listing\\node_modules\\router\\lib\\layer.js:152:17)\n    at D:\\whatsapp listing\\node_modules\\router\\index.js:295:15\n    at processParams (D:\\whatsapp listing\\node_modules\\router\\index.js:582:12)\n    at next (D:\\whatsapp listing\\node_modules\\router\\index.js:291:5)\n    at router.handle (D:\\whatsapp listing\\node_modules\\router\\index.js:186:3)\n    at router (D:\\whatsapp listing\\node_modules\\router\\index.js:60:12)\n    at Layer.handleRequest (D:\\whatsapp listing\\node_modules\\router\\lib\\layer.js:152:17)\n    at trimPrefix (D:\\whatsapp listing\\node_modules\\router\\index.js:342:13)\n    at D:\\whatsapp listing\\node_modules\\router\\index.js:297:9\n    at processParams (D:\\whatsapp listing\\node_modules\\router\\index.js:582:12)\n    at next (D:\\whatsapp listing\\node_modules\\router\\index.js:291:5)\n    at D:\\whatsapp listing\\node_modules\\express-rate-limit\\dist\\index.cjs:999:7\n    at processTicksAndRejections (node:internal/process/task_queues:104:5)\n    at D:\\whatsapp listing\\node_modules\\express-rate-limit\\dist\\index.cjs:854:5","timestamp":"2026-05-24 19:37:38","type":"ERROR"}
{"code":"INVALID_PRICE_RANGE","level":"error","message":"Min price cannot exceed max price","method":"GET","path":"/api/v1/listings/today","service":"property-digest","stack":"ValidationError: Min price cannot exceed max price\n    at Object.validatePriceRange (D:\\whatsapp listing\\src\\api\\utils\\validators.js:14:13)\n    at validatePriceRange (D:\\whatsapp listing\\src\\api\\middleware\\validateRequest.js:10:16)\n    at Layer.handleRequest (D:\\whatsapp listing\\node_modules\\router\\lib\\layer.js:152:17)\n    at next (D:\\whatsapp listing\\node_modules\\router\\lib\\route.js:157:13)\n    at Route.dispatch (D:\\whatsapp listing\\node_modules\\router\\lib\\route.js:117:3)\n    at handle (D:\\whatsapp listing\\node_modules\\router\\index.js:435:11)\n    at Layer.handleRequest (D:\\whatsapp listing\\node_modules\\router\\lib\\layer.js:152:17)\n    at D:\\whatsapp listing\\node_modules\\router\\index.js:295:15\n    at processParams (D:\\whatsapp listing\\node_modules\\router\\index.js:582:12)\n    at next (D:\\whatsapp listing\\node_modules\\router\\index.js:291:5)\n    at router.handle (D:\\whatsapp listing\\node_modules\\router\\index.js:186:3)\n    at router (D:\\whatsapp listing\\node_modules\\router\\index.js:60:12)\n    at Layer.handleRequest (D:\\whatsapp listing\\node_modules\\router\\lib\\layer.js:152:17)\n    at trimPrefix (D:\\whatsapp listing\\node_modules\\router\\index.js:342:13)\n    at D:\\whatsapp listing\\node_modules\\router\\index.js:297:9\n    at processParams (D:\\whatsapp listing\\node_modules\\router\\index.js:582:12)\n    at next (D:\\whatsapp listing\\node_modules\\router\\index.js:291:5)\n    at D:\\whatsapp listing\\node_modules\\express-rate-limit\\dist\\index.cjs:999:7\n    at processTicksAndRejections (node:internal/process/task_queues:104:5)\n    at D:\\whatsapp listing\\node_modules\\express-rate-limit\\dist\\index.cjs:854:5","timestamp":"2026-05-24 19:37:59","type":"ERROR"}
{"level":"info","message":"Database connected","path":"D:\\whatsapp listing\\data\\db\\listings.db","service":"property-digest","timestamp":"2026-05-24 19:38:38"}
{"level":"info","message":"Database initialized successfully","service":"property-digest","timestamp":"2026-05-24 19:38:38"}
{"level":"info","message":"Server running on http://localhost:3000","service":"property-digest","timestamp":"2026-05-24 19:38:38"}
{"level":"info","message":"API v1 active at http://localhost:3000/api/v1","service":"property-digest","timestamp":"2026-05-24 19:38:38"}
{"level":"info","message":"Legacy API active at http://localhost:3000/api","service":"property-digest","timestamp":"2026-05-24 19:38:38"}
{"level":"info","message":"Healthcheck active at http://localhost:3000/health","service":"property-digest","timestamp":"2026-05-24 19:38:38"}
{"level":"info","message":{"ip":"::1","method":"HEAD","path":"/api/docs","type":"HTTP_REQUEST"},"service":"property-digest","timestamp":"2026-05-24 19:38:55"}
{"level":"info","message":{"duration":"6ms","method":"HEAD","path":"/","status":301,"type":"HTTP_RESPONSE"},"service":"property-digest","timestamp":"2026-05-24 19:38:55"}
{"level":"info","message":{"ip":"::1","method":"GET","path":"/api/listings/today","type":"HTTP_REQUEST"},"service":"property-digest","timestamp":"2026-05-24 20:53:49"}
{"level":"debug","message":{"duration":"11ms","query":"getTodaysListings (combined)","type":"DB_QUERY"},"service":"property-digest","timestamp":"2026-05-24 20:53:50"}
{"level":"info","message":{"duration":"43ms","method":"GET","path":"/today","status":200,"type":"HTTP_RESPONSE"},"service":"property-digest","timestamp":"2026-05-24 20:53:50"}
{"level":"info","message":{"ip":"::1","method":"GET","path":"/api/listings/today","type":"HTTP_REQUEST"},"service":"property-digest","timestamp":"2026-05-24 20:53:50"}
{"level":"debug","message":{"duration":"2ms","query":"getTodaysListings (combined)","type":"DB_QUERY"},"service":"property-digest","timestamp":"2026-05-24 20:53:50"}
{"level":"info","message":{"duration":"4ms","method":"GET","path":"/today","status":200,"type":"HTTP_RESPONSE"},"service":"property-digest","timestamp":"2026-05-24 20:53:50"}
{"level":"info","message":{"ip":"::1","method":"GET","path":"/api/listings/today","type":"HTTP_REQUEST"},"service":"property-digest","timestamp":"2026-05-24 20:56:21"}
{"level":"debug","message":{"duration":"1ms","query":"getTodaysListings (combined)","type":"DB_QUERY"},"service":"property-digest","timestamp":"2026-05-24 20:56:21"}
{"level":"info","message":{"duration":"4ms","method":"GET","path":"/today","status":200,"type":"HTTP_RESPONSE"},"service":"property-digest","timestamp":"2026-05-24 20:56:21"}
{"level":"info","message":{"ip":"::1","method":"GET","path":"/api/listings/today","type":"HTTP_REQUEST"},"service":"property-digest","timestamp":"2026-05-24 20:56:21"}
{"level":"debug","message":{"duration":"2ms","query":"getTodaysListings (combined)","type":"DB_QUERY"},"service":"property-digest","timestamp":"2026-05-24 20:56:21"}
{"level":"info","message":{"duration":"4ms","method":"GET","path":"/today","status":200,"type":"HTTP_RESPONSE"},"service":"property-digest","timestamp":"2026-05-24 20:56:21"}
{"level":"info","message":{"ip":"::1","method":"GET","path":"/api/listings/today","type":"HTTP_REQUEST"},"service":"property-digest","timestamp":"2026-05-24 20:56:52"}
{"level":"debug","message":{"duration":"1ms","query":"getTodaysListings (combined)","type":"DB_QUERY"},"service":"property-digest","timestamp":"2026-05-24 20:56:52"}
{"level":"info","message":{"duration":"5ms","method":"GET","path":"/today","status":200,"type":"HTTP_RESPONSE"},"service":"property-digest","timestamp":"2026-05-24 20:56:52"}
{"level":"info","message":{"ip":"::1","method":"GET","path":"/api/listings/today","type":"HTTP_REQUEST"},"service":"property-digest","timestamp":"2026-05-24 20:56:52"}
{"level":"debug","message":{"duration":"2ms","query":"getTodaysListings (combined)","type":"DB_QUERY"},"service":"property-digest","timestamp":"2026-05-24 20:56:52"}
{"level":"info","message":{"duration":"4ms","method":"GET","path":"/today","status":200,"type":"HTTP_RESPONSE"},"service":"property-digest","timestamp":"2026-05-24 20:56:52"}
{"level":"info","message":{"ip":"::1","method":"GET","path":"/api/v1/listings/today","type":"HTTP_REQUEST"},"service":"property-digest","timestamp":"2026-05-24 20:58:04"}
{"level":"debug","message":{"duration":"1ms","query":"getTodaysListings (combined)","type":"DB_QUERY"},"service":"property-digest","timestamp":"2026-05-24 20:58:04"}
{"level":"info","message":{"duration":"2ms","method":"GET","path":"/today","status":200,"type":"HTTP_RESPONSE"},"service":"property-digest","timestamp":"2026-05-24 20:58:04"}
{"level":"info","message":{"ip":"::1","method":"GET","path":"/api/v1/listings/today","type":"HTTP_REQUEST"},"service":"property-digest","timestamp":"2026-05-24 21:12:55"}
{"level":"debug","message":{"duration":"11ms","query":"getTodaysListings (combined)","type":"DB_QUERY"},"service":"property-digest","timestamp":"2026-05-24 21:12:55"}
{"level":"info","message":{"duration":"28ms","method":"GET","path":"/today","status":200,"type":"HTTP_RESPONSE"},"service":"property-digest","timestamp":"2026-05-24 21:12:55"}
{"level":"info","message":{"ip":"::1","method":"GET","path":"/api/v1/listings/today","type":"HTTP_REQUEST"},"service":"property-digest","timestamp":"2026-05-24 21:12:55"}
{"level":"debug","message":{"duration":"7ms","query":"getTodaysListings (combined)","type":"DB_QUERY"},"service":"property-digest","timestamp":"2026-05-24 21:12:55"}
{"level":"info","message":{"duration":"10ms","method":"GET","path":"/today","status":200,"type":"HTTP_RESPONSE"},"service":"property-digest","timestamp":"2026-05-24 21:12:55"}
{"level":"info","message":{"ip":"::1","method":"GET","path":"/api/v1/listings/today","type":"HTTP_REQUEST"},"service":"property-digest","timestamp":"2026-05-24 21:12:56"}
{"level":"debug","message":{"duration":"1ms","query":"getTodaysListings (combined)","type":"DB_QUERY"},"service":"property-digest","timestamp":"2026-05-24 21:12:56"}
{"level":"info","message":{"duration":"5ms","method":"GET","path":"/today","status":200,"type":"HTTP_RESPONSE"},"service":"property-digest","timestamp":"2026-05-24 21:12:56"}
{"level":"info","message":{"ip":"::1","method":"GET","path":"/api/v1/listings/today","type":"HTTP_REQUEST"},"service":"property-digest","timestamp":"2026-05-24 21:12:56"}
{"level":"debug","message":{"duration":"0ms","query":"getTodaysListings (combined)","type":"DB_QUERY"},"service":"property-digest","timestamp":"2026-05-24 21:12:56"}
{"level":"info","message":{"duration":"2ms","method":"GET","path":"/today","status":200,"type":"HTTP_RESPONSE"},"service":"property-digest","timestamp":"2026-05-24 21:12:56"}
{"level":"info","message":{"ip":"::1","method":"GET","path":"/api/v1/listings/today","type":"HTTP_REQUEST"},"service":"property-digest","timestamp":"2026-05-24 21:13:13"}
{"level":"debug","message":{"duration":"2ms","query":"getTodaysListings (combined)","type":"DB_QUERY"},"service":"property-digest","timestamp":"2026-05-24 21:13:13"}
{"level":"info","message":{"duration":"4ms","method":"GET","path":"/today","status":200,"type":"HTTP_RESPONSE"},"service":"property-digest","timestamp":"2026-05-24 21:13:13"}
{"level":"info","message":{"ip":"::1","method":"GET","path":"/api/v1/listings/today","type":"HTTP_REQUEST"},"service":"property-digest","timestamp":"2026-05-24 21:13:13"}
{"level":"debug","message":{"duration":"1ms","query":"getTodaysListings (combined)","type":"DB_QUERY"},"service":"property-digest","timestamp":"2026-05-24 21:13:13"}
{"level":"info","message":{"duration":"3ms","method":"GET","path":"/today","status":200,"type":"HTTP_RESPONSE"},"service":"property-digest","timestamp":"2026-05-24 21:13:13"}
{"level":"info","message":{"ip":"::1","method":"GET","path":"/api/v1/listings/today","type":"HTTP_REQUEST"},"service":"property-digest","timestamp":"2026-05-24 21:13:14"}
{"level":"debug","message":{"duration":"7ms","query":"getTodaysListings (combined)","type":"DB_QUERY"},"service":"property-digest","timestamp":"2026-05-24 21:13:14"}
{"level":"info","message":{"duration":"10ms","method":"GET","path":"/today","status":200,"type":"HTTP_RESPONSE"},"service":"property-digest","timestamp":"2026-05-24 21:13:14"}
{"level":"info","message":{"ip":"::1","method":"GET","path":"/api/v1/listings/today","type":"HTTP_REQUEST"},"service":"property-digest","timestamp":"2026-05-24 21:13:14"}
{"level":"debug","message":{"duration":"1ms","query":"getTodaysListings (combined)","type":"DB_QUERY"},"service":"property-digest","timestamp":"2026-05-24 21:13:14"}
{"level":"info","message":{"duration":"3ms","method":"GET","path":"/today","status":200,"type":"HTTP_RESPONSE"},"service":"property-digest","timestamp":"2026-05-24 21:13:14"}
{"level":"info","message":{"ip":"::1","method":"GET","path":"/api/v1/listings/today","type":"HTTP_REQUEST"},"service":"property-digest","timestamp":"2026-05-24 21:13:14"}
{"level":"debug","message":{"duration":"1ms","query":"getTodaysListings (combined)","type":"DB_QUERY"},"service":"property-digest","timestamp":"2026-05-24 21:13:14"}
{"level":"info","message":{"duration":"3ms","method":"GET","path":"/today","status":200,"type":"HTTP_RESPONSE"},"service":"property-digest","timestamp":"2026-05-24 21:13:14"}
{"level":"info","message":{"ip":"::1","method":"GET","path":"/api/v1/listings/today","type":"HTTP_REQUEST"},"service":"property-digest","timestamp":"2026-05-24 21:13:14"}
{"level":"debug","message":{"duration":"1ms","query":"getTodaysListings (combined)","type":"DB_QUERY"},"service":"property-digest","timestamp":"2026-05-24 21:13:14"}
{"level":"info","message":{"duration":"4ms","method":"GET","path":"/today","status":200,"type":"HTTP_RESPONSE"},"service":"property-digest","timestamp":"2026-05-24 21:13:14"}
{"level":"info","message":{"ip":"::1","method":"GET","path":"/api/v1/listings/today","type":"HTTP_REQUEST"},"service":"property-digest","timestamp":"2026-05-24 21:14:10"}
{"level":"debug","message":{"duration":"1ms","query":"getTodaysListings (combined)","type":"DB_QUERY"},"service":"property-digest","timestamp":"2026-05-24 21:14:10"}
{"level":"info","message":{"duration":"3ms","method":"GET","path":"/today","status":200,"type":"HTTP_RESPONSE"},"service":"property-digest","timestamp":"2026-05-24 21:14:10"}
{"level":"info","message":{"ip":"::1","method":"GET","path":"/api/v1/listings/today","type":"HTTP_REQUEST"},"service":"property-digest","timestamp":"2026-05-24 21:14:10"}
{"level":"debug","message":{"duration":"2ms","query":"getTodaysListings (combined)","type":"DB_QUERY"},"service":"property-digest","timestamp":"2026-05-24 21:14:10"}
{"level":"info","message":{"duration":"4ms","method":"GET","path":"/today","status":200,"type":"HTTP_RESPONSE"},"service":"property-digest","timestamp":"2026-05-24 21:14:10"}
{"level":"info","message":{"ip":"::1","method":"GET","path":"/api/v1/listings/today","type":"HTTP_REQUEST"},"service":"property-digest","timestamp":"2026-05-24 21:15:34"}
{"level":"debug","message":{"duration":"1ms","query":"getTodaysListings (combined)","type":"DB_QUERY"},"service":"property-digest","timestamp":"2026-05-24 21:15:34"}
{"level":"info","message":{"duration":"6ms","method":"GET","path":"/today","status":200,"type":"HTTP_RESPONSE"},"service":"property-digest","timestamp":"2026-05-24 21:15:34"}
{"level":"info","message":{"ip":"::1","method":"GET","path":"/api/v1/listings/today","type":"HTTP_REQUEST"},"service":"property-digest","timestamp":"2026-05-24 21:15:34"}
{"level":"debug","message":{"duration":"1ms","query":"getTodaysListings (combined)","type":"DB_QUERY"},"service":"property-digest","timestamp":"2026-05-24 21:15:34"}
{"level":"info","message":{"duration":"4ms","method":"GET","path":"/today","status":200,"type":"HTTP_RESPONSE"},"service":"property-digest","timestamp":"2026-05-24 21:15:34"}
{"level":"info","message":{"ip":"::1","method":"GET","path":"/api/v1/listings/today","type":"HTTP_REQUEST"},"service":"property-digest","timestamp":"2026-05-24 21:17:50"}
{"level":"debug","message":{"duration":"2ms","query":"getTodaysListings (combined)","type":"DB_QUERY"},"service":"property-digest","timestamp":"2026-05-24 21:17:50"}
{"level":"info","message":{"duration":"3ms","method":"GET","path":"/today","status":200,"type":"HTTP_RESPONSE"},"service":"property-digest","timestamp":"2026-05-24 21:17:50"}
{"level":"info","message":{"ip":"::1","method":"GET","path":"/api/v1/listings/today","type":"HTTP_REQUEST"},"service":"property-digest","timestamp":"2026-05-24 21:17:50"}
{"level":"debug","message":{"duration":"1ms","query":"getTodaysListings (combined)","type":"DB_QUERY"},"service":"property-digest","timestamp":"2026-05-24 21:17:50"}
{"level":"info","message":{"duration":"3ms","method":"GET","path":"/today","status":200,"type":"HTTP_RESPONSE"},"service":"property-digest","timestamp":"2026-05-24 21:17:50"}
{"level":"info","message":{"ip":"::1","method":"GET","path":"/api/v1/listings/today","type":"HTTP_REQUEST"},"service":"property-digest","timestamp":"2026-05-24 21:17:51"}
{"level":"debug","message":{"duration":"4ms","query":"getTodaysListings (combined)","type":"DB_QUERY"},"service":"property-digest","timestamp":"2026-05-24 21:17:51"}
{"level":"info","message":{"duration":"5ms","method":"GET","path":"/today","status":200,"type":"HTTP_RESPONSE"},"service":"property-digest","timestamp":"2026-05-24 21:17:51"}
{"level":"info","message":{"ip":"::1","method":"GET","path":"/api/v1/listings/today","type":"HTTP_REQUEST"},"service":"property-digest","timestamp":"2026-05-24 21:17:51"}
{"level":"debug","message":{"duration":"1ms","query":"getTodaysListings (combined)","type":"DB_QUERY"},"service":"property-digest","timestamp":"2026-05-24 21:17:51"}
{"level":"info","message":{"duration":"2ms","method":"GET","path":"/today","status":200,"type":"HTTP_RESPONSE"},"service":"property-digest","timestamp":"2026-05-24 21:17:51"}
